app/build/intermediates/manifest_merge_blame_file/debug/manifest-merger-blame-debug-report.txt
1<?xml version="1.0" encoding="utf-8"?>
2<manifest xmlns:android="http://schemas.android.com/apk/res/android"
3    package="com.example.adminapp_iitj"
4    android:versionCode="1"
5    android:versionName="1.0" >
6
7    <uses-sdk
8        android:minSdkVersion="21"
8-->src\main\AndroidManifest.xml
9        android:targetSdkVersion="33" />
9-->src\main\AndroidManifest.xml
10
11    <uses-permission android:name="android.permission.INTERNET" />
11-->src\main\AndroidManifest.xml:5:5-67
11-->src\main\AndroidManifest.xml:5:22-64
12    <uses-permission android:name="android.permission.READ_EXTERNAL_STORAGE" />
12-->src\main\AndroidManifest.xml:6:5-80
12-->src\main\AndroidManifest.xml:6:22-77
13    <uses-permission android:name="android.permission.ACCESS_NETWORK_STATE" />
13-->[com.google.firebase:firebase-auth:21.0.3] AndroidManifest.xml:24:5-79
13-->[com.google.firebase:firebase-auth:21.0.3] AndroidManifest.xml:24:22-76
14
15    <permission
15-->[androidx.core:core:1.9.0] AndroidManifest.xml:22:5-24:47
16        android:name="com.example.adminapp_iitj.DYNAMIC_RECEIVER_NOT_EXPORTED_PERMISSION"
16-->[androidx.core:core:1.9.0] AndroidManifest.xml:23:9-81
17        android:protectionLevel="signature" />
17-->[androidx.core:core:1.9.0] AndroidManifest.xml:24:9-44
18
19    <uses-permission android:name="com.example.adminapp_iitj.DYNAMIC_RECEIVER_NOT_EXPORTED_PERMISSION" />
19-->[androidx.core:core:1.9.0] AndroidManifest.xml:26:5-97
19-->[androidx.core:core:1.9.0] AndroidManifest.xml:26:22-94
20
21    <application
21-->src\main\AndroidManifest.xml:8:5-52:19
22        android:allowBackup="true"
22-->src\main\AndroidManifest.xml:9:9-35
23        android:appComponentFactory="androidx.core.app.CoreComponentFactory"
23-->[androidx.core:core:1.9.0] AndroidManifest.xml:28:18-86
24        android:dataExtractionRules="@xml/data_extraction_rules"
24-->src\main\AndroidManifest.xml:10:9-65
25        android:debuggable="true"
26        android:fullBackupContent="@xml/backup_rules"
26-->src\main\AndroidManifest.xml:11:9-54
27        android:icon="@mipmap/ic_launcher"
27-->src\main\AndroidManifest.xml:12:9-43
28        android:label="@string/app_name"
28-->src\main\AndroidManifest.xml:13:9-41
29        android:supportsRtl="true"
29-->src\main\AndroidManifest.xml:14:9-35
30        android:theme="@style/Theme.AdminApp_IITJ" >
30-->src\main\AndroidManifest.xml:15:9-51
31        <activity
31-->src\main\AndroidManifest.xml:18:9-19:74
32            android:name="com.example.adminapp_iitj.faculty.AddTeacher"
32-->src\main\AndroidManifest.xml:18:19-53
33            android:parentActivityName="com.example.adminapp_iitj.faculty.UpdateTeacherActivity" />
33-->src\main\AndroidManifest.xml:19:13-72
34        <activity
34-->src\main\AndroidManifest.xml:20:9-21:57
35            android:name="com.example.adminapp_iitj.faculty.UpdateFaculty"
35-->src\main\AndroidManifest.xml:20:19-56
36            android:parentActivityName="com.example.adminapp_iitj.MainActivity" />
36-->src\main\AndroidManifest.xml:21:13-55
37        <activity
37-->src\main\AndroidManifest.xml:22:9-23:57
38            android:name="com.example.adminapp_iitj.faculty.UpdateTeacherActivity"
38-->src\main\AndroidManifest.xml:22:19-64
39            android:parentActivityName="com.example.adminapp_iitj.MainActivity" />
39-->src\main\AndroidManifest.xml:23:13-55
40        <activity
40-->src\main\AndroidManifest.xml:24:9-25:57
41            android:name="com.example.adminapp_iitj.notice.DeleteNotice"
41-->src\main\AndroidManifest.xml:24:19-54
42            android:parentActivityName="com.example.adminapp_iitj.MainActivity" />
42-->src\main\AndroidManifest.xml:25:13-55
43        <activity
43-->src\main\AndroidManifest.xml:26:9-27:57
44            android:name="com.example.adminapp_iitj.notice.UploadNotice"
44-->src\main\AndroidManifest.xml:26:19-54
45            android:parentActivityName="com.example.adminapp_iitj.MainActivity" />
45-->src\main\AndroidManifest.xml:27:13-55
46        <activity
46-->src\main\AndroidManifest.xml:28:9-31:57
47            android:name="com.example.adminapp_iitj.UploadEbook"
47-->src\main\AndroidManifest.xml:29:13-40
48            android:exported="false"
48-->src\main\AndroidManifest.xml:30:13-37
49            android:parentActivityName="com.example.adminapp_iitj.MainActivity" />
49-->src\main\AndroidManifest.xml:31:13-55
50        <activity
50-->src\main\AndroidManifest.xml:32:9-35:57
51            android:name="com.example.adminapp_iitj.UploadImage"
51-->src\main\AndroidManifest.xml:33:13-40
52            android:exported="false"
52-->src\main\AndroidManifest.xml:34:13-37
53            android:parentActivityName="com.example.adminapp_iitj.MainActivity" />
53-->src\main\AndroidManifest.xml:35:13-55
54        <activity
54-->src\main\AndroidManifest.xml:36:9-39:58
55            android:name="com.example.adminapp_iitj.RegisterActivity"
55-->src\main\AndroidManifest.xml:37:13-45
56            android:exported="false"
56-->src\main\AndroidManifest.xml:38:13-37
57            android:parentActivityName="com.example.adminapp_iitj.LoginActivity" />
57-->src\main\AndroidManifest.xml:39:13-56
58        <activity
58-->src\main\AndroidManifest.xml:40:9-42:40
59            android:name="com.example.adminapp_iitj.MainActivity"
59-->src\main\AndroidManifest.xml:41:13-41
60            android:exported="false" />
60-->src\main\AndroidManifest.xml:42:13-37
61        <activity
61-->src\main\AndroidManifest.xml:43:9-51:20
62            android:name="com.example.adminapp_iitj.LoginActivity"
62-->src\main\AndroidManifest.xml:44:13-42
63            android:exported="true" >
63-->src\main\AndroidManifest.xml:45:13-36
64            <intent-filter>
64-->src\main\AndroidManifest.xml:46:13-50:29
65                <action android:name="android.intent.action.MAIN" />
65-->src\main\AndroidManifest.xml:47:17-69
65-->src\main\AndroidManifest.xml:47:25-66
66
67                <category android:name="android.intent.category.LAUNCHER" />
67-->src\main\AndroidManifest.xml:49:17-77
67-->src\main\AndroidManifest.xml:49:27-74
68            </intent-filter>
69        </activity>
70        <activity
70-->[com.google.firebase:firebase-auth:21.0.3] AndroidManifest.xml:27:9-44:20
71            android:name="com.google.firebase.auth.internal.GenericIdpActivity"
71-->[com.google.firebase:firebase-auth:21.0.3] AndroidManifest.xml:28:13-80
72            android:excludeFromRecents="true"
72-->[com.google.firebase:firebase-auth:21.0.3] AndroidManifest.xml:29:13-46
73            android:exported="true"
73-->[com.google.firebase:firebase-auth:21.0.3] AndroidManifest.xml:30:13-36
74            android:launchMode="singleTask"
74-->[com.google.firebase:firebase-auth:21.0.3] AndroidManifest.xml:31:13-44
75            android:theme="@android:style/Theme.Translucent.NoTitleBar" >
75-->[com.google.firebase:firebase-auth:21.0.3] AndroidManifest.xml:32:13-72
76            <intent-filter>
76-->[com.google.firebase:firebase-auth:21.0.3] AndroidManifest.xml:33:13-43:29
77                <action android:name="android.intent.action.VIEW" />
77-->[com.google.firebase:firebase-auth:21.0.3] AndroidManifest.xml:34:17-69
77-->[com.google.firebase:firebase-auth:21.0.3] AndroidManifest.xml:34:25-66
78
79                <category android:name="android.intent.category.DEFAULT" />
79-->[com.google.firebase:firebase-auth:21.0.3] AndroidManifest.xml:36:17-76
79-->[com.google.firebase:firebase-auth:21.0.3] AndroidManifest.xml:36:27-73
80                <category android:name="android.intent.category.BROWSABLE" />
80-->[com.google.firebase:firebase-auth:21.0.3] AndroidManifest.xml:37:17-78
80-->[com.google.firebase:firebase-auth:21.0.3] AndroidManifest.xml:37:27-75
81
82                <data
82-->[com.google.firebase:firebase-auth:21.0.3] AndroidManifest.xml:39:17-42:51
83                    android:host="firebase.auth"
83-->[com.google.firebase:firebase-auth:21.0.3] AndroidManifest.xml:40:21-49
84                    android:path="/"
84-->[com.google.firebase:firebase-auth:21.0.3] AndroidManifest.xml:41:21-37
85                    android:scheme="genericidp" />
85-->[com.google.firebase:firebase-auth:21.0.3] AndroidManifest.xml:42:21-48
86            </intent-filter>
87        </activity>
88        <activity
88-->[com.google.firebase:firebase-auth:21.0.3] AndroidManifest.xml:45:9-62:20
89            android:name="com.google.firebase.auth.internal.RecaptchaActivity"
89-->[com.google.firebase:firebase-auth:21.0.3] AndroidManifest.xml:46:13-79
90            android:excludeFromRecents="true"
90-->[com.google.firebase:firebase-auth:21.0.3] AndroidManifest.xml:47:13-46
91            android:exported="true"
91-->[com.google.firebase:firebase-auth:21.0.3] AndroidManifest.xml:48:13-36
92            android:launchMode="singleTask"
92-->[com.google.firebase:firebase-auth:21.0.3] AndroidManifest.xml:49:13-44
93            android:theme="@android:style/Theme.Translucent.NoTitleBar" >
93-->[com.google.firebase:firebase-auth:21.0.3] AndroidManifest.xml:50:13-72
94            <intent-filter>
94-->[com.google.firebase:firebase-auth:21.0.3] AndroidManifest.xml:51:13-61:29
95                <action android:name="android.intent.action.VIEW" />
95-->[com.google.firebase:firebase-auth:21.0.3] AndroidManifest.xml:34:17-69
95-->[com.google.firebase:firebase-auth:21.0.3] AndroidManifest.xml:34:25-66
96
97                <category android:name="android.intent.category.DEFAULT" />
97-->[com.google.firebase:firebase-auth:21.0.3] AndroidManifest.xml:36:17-76
97-->[com.google.firebase:firebase-auth:21.0.3] AndroidManifest.xml:36:27-73
98                <category android:name="android.intent.category.BROWSABLE" />
98-->[com.google.firebase:firebase-auth:21.0.3] AndroidManifest.xml:37:17-78
98-->[com.google.firebase:firebase-auth:21.0.3] AndroidManifest.xml:37:27-75
99
100                <data
100-->[com.google.firebase:firebase-auth:21.0.3] AndroidManifest.xml:39:17-42:51
101                    android:host="firebase.auth"
101-->[com.google.firebase:firebase-auth:21.0.3] AndroidManifest.xml:40:21-49
102                    android:path="/"
102-->[com.google.firebase:firebase-auth:21.0.3] AndroidManifest.xml:41:21-37
103                    android:scheme="recaptcha" />
103-->[com.google.firebase:firebase-auth:21.0.3] AndroidManifest.xml:42:21-48
104            </intent-filter>
105        </activity>
106
107        <service
107-->[com.google.firebase:firebase-auth:21.0.3] AndroidManifest.xml:64:9-70:19
108            android:name="com.google.firebase.components.ComponentDiscoveryService"
108-->[com.google.firebase:firebase-auth:21.0.3] AndroidManifest.xml:65:13-84
109            android:directBootAware="true"
109-->[com.google.firebase:firebase-common:20.1.0] AndroidManifest.xml:35:13-43
110            android:exported="false" >
110-->[com.google.firebase:firebase-auth:21.0.3] AndroidManifest.xml:66:13-37
111            <meta-data
111-->[com.google.firebase:firebase-auth:21.0.3] AndroidManifest.xml:67:13-69:85
112                android:name="com.google.firebase.components:com.google.firebase.auth.FirebaseAuthRegistrar"
112-->[com.google.firebase:firebase-auth:21.0.3] AndroidManifest.xml:68:17-109
113                android:value="com.google.firebase.components.ComponentRegistrar" />
113-->[com.google.firebase:firebase-auth:21.0.3] AndroidManifest.xml:69:17-82
114            <meta-data
114-->[com.google.firebase:firebase-database:20.0.4] AndroidManifest.xml:32:13-34:85
115                android:name="com.google.firebase.components:com.google.firebase.database.DatabaseRegistrar"
115-->[com.google.firebase:firebase-database:20.0.4] AndroidManifest.xml:33:17-109
116                android:value="com.google.firebase.components.ComponentRegistrar" />
116-->[com.google.firebase:firebase-database:20.0.4] AndroidManifest.xml:34:17-82
117            <meta-data
117-->[com.google.firebase:firebase-firestore:24.1.1] AndroidManifest.xml:20:13-22:85
118                android:name="com.google.firebase.components:com.google.firebase.firestore.FirestoreRegistrar"
118-->[com.google.firebase:firebase-firestore:24.1.1] AndroidManifest.xml:21:17-111
119                android:value="com.google.firebase.components.ComponentRegistrar" />
119-->[com.google.firebase:firebase-firestore:24.1.1] AndroidManifest.xml:22:17-82
120            <meta-data
120-->[com.google.firebase:firebase-storage:20.0.1] AndroidManifest.xml:33:13-35:85
121                android:name="com.google.firebase.components:com.google.firebase.storage.StorageRegistrar"
121-->[com.google.firebase:firebase-storage:20.0.1] AndroidManifest.xml:34:17-107
122                android:value="com.google.firebase.components.ComponentRegistrar" />
122-->[com.google.firebase:firebase-storage:20.0.1] AndroidManifest.xml:35:17-82
123        </service>
124
125        <provider
125-->[com.squareup.picasso:picasso:2.8] AndroidManifest.xml:8:9-11:40
126            android:name="com.squareup.picasso.PicassoProvider"
126-->[com.squareup.picasso:picasso:2.8] AndroidManifest.xml:9:13-64
127            android:authorities="com.example.adminapp_iitj.com.squareup.picasso"
127-->[com.squareup.picasso:picasso:2.8] AndroidManifest.xml:10:13-72
128            android:exported="false" />
128-->[com.squareup.picasso:picasso:2.8] AndroidManifest.xml:11:13-37
129        <provider
129-->[com.google.firebase:firebase-common:20.1.0] AndroidManifest.xml:26:9-31:39
130            android:name="com.google.firebase.provider.FirebaseInitProvider"
130-->[com.google.firebase:firebase-common:20.1.0] AndroidManifest.xml:27:13-77
131            android:authorities="com.example.adminapp_iitj.firebaseinitprovider"
131-->[com.google.firebase:firebase-common:20.1.0] AndroidManifest.xml:28:13-72
132            android:directBootAware="true"
132-->[com.google.firebase:firebase-common:20.1.0] AndroidManifest.xml:29:13-43
133            android:exported="false"
133-->[com.google.firebase:firebase-common:20.1.0] AndroidManifest.xml:30:13-37
134            android:initOrder="100" />
134-->[com.google.firebase:firebase-common:20.1.0] AndroidManifest.xml:31:13-36
135
136        <activity
136-->[com.google.android.gms:play-services-base:18.0.1] AndroidManifest.xml:20:9-22:45
137            android:name="com.google.android.gms.common.api.GoogleApiActivity"
137-->[com.google.android.gms:play-services-base:18.0.1] AndroidManifest.xml:20:19-85
138            android:exported="false"
138-->[com.google.android.gms:play-services-base:18.0.1] AndroidManifest.xml:22:19-43
139            android:theme="@android:style/Theme.Translucent.NoTitleBar" />
139-->[com.google.android.gms:play-services-base:18.0.1] AndroidManifest.xml:21:19-78
140
141        <meta-data
141-->[com.google.android.gms:play-services-basement:18.0.0] AndroidManifest.xml:21:9-23:69
142            android:name="com.google.android.gms.version"
142-->[com.google.android.gms:play-services-basement:18.0.0] AndroidManifest.xml:22:13-58
143            android:value="@integer/google_play_services_version" />
143-->[com.google.android.gms:play-services-basement:18.0.0] AndroidManifest.xml:23:13-66
144
145        <provider
145-->[androidx.emoji2:emoji2:1.2.0] AndroidManifest.xml:24:9-32:20
146            android:name="androidx.startup.InitializationProvider"
146-->[androidx.emoji2:emoji2:1.2.0] AndroidManifest.xml:25:13-67
147            android:authorities="com.example.adminapp_iitj.androidx-startup"
147-->[androidx.emoji2:emoji2:1.2.0] AndroidManifest.xml:26:13-68
148            android:exported="false" >
148-->[androidx.emoji2:emoji2:1.2.0] AndroidManifest.xml:27:13-37
149            <meta-data
149-->[androidx.emoji2:emoji2:1.2.0] AndroidManifest.xml:29:13-31:52
150                android:name="androidx.emoji2.text.EmojiCompatInitializer"
150-->[androidx.emoji2:emoji2:1.2.0] AndroidManifest.xml:30:17-75
151                android:value="androidx.startup" />
151-->[androidx.emoji2:emoji2:1.2.0] AndroidManifest.xml:31:17-49
152            <meta-data
152-->[androidx.lifecycle:lifecycle-process:2.4.1] AndroidManifest.xml:31:13-33:52
153                android:name="androidx.lifecycle.ProcessLifecycleInitializer"
153-->[androidx.lifecycle:lifecycle-process:2.4.1] AndroidManifest.xml:32:17-78
154                android:value="androidx.startup" />
154-->[androidx.lifecycle:lifecycle-process:2.4.1] AndroidManifest.xml:33:17-49
155        </provider>
156    </application>
157
158</manifest>